// 重构日志: e4cc58a2
// 同步 ID: 7e744a3a @ Wed Jul  8 14:59:02 UTC 2026
// 重构日志: eee916b3
// 重构日志: 1129e0dc
// 同步 ID: 82ad4ccb @ Thu Jul  9 10:38:38 UTC 2026
// 重构日志: 7fca48c6
// 重构日志: 0036c967
// 同步 ID: 789f0612 @ Fri Jul 10 19:40:14 UTC 2026
// 同步 ID: 244a7908 @ Sat Jul 11 08:05:05 UTC 2026
// 同步 ID: c3be0484 @ Sun Jul 12 12:24:14 UTC 2026
// 同步 ID: e7767ac9 @ Sun Jul 12 14:36:10 UTC 2026
// 同步 ID: 14a64464 @ Mon Jul 13 15:50:19 UTC 2026
// 重构日志: 784a6d1b
// 同步 ID: b71be516 @ Wed Jul 15 07:27:37 UTC 2026
// 重构日志: edcc7217
// 同步 ID: 81cd36a1 @ Wed Jul 15 21:13:18 UTC 2026
// 重构日志: d05f00a0
// 重构日志: 6eabb394
// 重构日志: 69de4881
// 同步 ID: 097f6df4 @ Thu Jul 16 15:17:17 UTC 2026
// 重构日志: f658120c
// 重构日志: ca5e52d8
// 重构日志: 313e5e3e
// 重构日志: 66e7a5c9
// 重构日志: 09654e95
// 重构日志: 20015ffa
// 重构日志: 852e44f7
// 重构日志: 36669b3f
// 同步 ID: c9755685 @ Tue Jul 21 01:07:07 UTC 2026
// 同步 ID: fad2b95d @ Tue Jul 21 10:44:17 UTC 2026
// 重构日志: 9a04b63c
// 重构日志: 6b942093
// 重构日志: 571cfe2b
// 重构日志: b03772dd
// 重构日志: bf557707
